빌드 시작: 2016-05-22 오후 4:56:16
     1>2 노드의 "C:\Users\Shin\Desktop\USC\c언어\waterFlow\waterFlow\waterFlow.vcxproj" 프로젝트(build 대상)입니다.
     1>InitializeBuildStatus:
         "AlwaysCreate"이(가) 지정되었기 때문에 "Debug\waterFlow.unsuccessfulbuild"을(를) 만들고 있습니다.
       ClCompile:
         C:\Program Files (x86)\Microsoft Visual Studio 10.0\VC\bin\CL.exe /c /ZI /nologo /W3 /WX- /Od /Oy- /D WIN32 /D _DEBUG /D _CONSOLE /D _UNICODE /D UNICODE /Gm /EHsc /RTC1 /MDd /GS /fp:precise /Zc:wchar_t /Zc:forScope /Fo"Debug\\" /Fd"Debug\vc100.pdb" /Gd /TP /analyze- /errorReport:prompt waterFlow.cpp
         waterFlow.cpp
     1>c:\users\shin\desktop\usc\c언어\waterflow\waterflow\waterflow.cpp(158): warning C4018: '<' : signed 또는 unsigned가 일치하지 않습니다.
     1>c:\users\shin\desktop\usc\c언어\waterflow\waterflow\waterflow.cpp(290): warning C4018: '<' : signed 또는 unsigned가 일치하지 않습니다.
       ManifestResourceCompile:
         모든 출력이 최신 상태입니다.
       Link:
         C:\Program Files (x86)\Microsoft Visual Studio 10.0\VC\bin\link.exe /ERRORREPORT:PROMPT /OUT:"C:\Users\Shin\Desktop\USC\c언어\waterFlow\Debug\waterFlow.exe" /INCREMENTAL /NOLOGO kernel32.lib user32.lib gdi32.lib winspool.lib comdlg32.lib advapi32.lib shell32.lib ole32.lib oleaut32.lib uuid.lib odbc32.lib odbccp32.lib /MANIFEST /ManifestFile:"Debug\waterFlow.exe.intermediate.manifest" /MANIFESTUAC:"level='asInvoker' uiAccess='false'" /DEBUG /PDB:"C:\Users\Shin\Desktop\USC\c언어\waterFlow\Debug\waterFlow.pdb" /SUBSYSTEM:CONSOLE /TLBID:1 /DYNAMICBASE /NXCOMPAT /IMPLIB:"C:\Users\Shin\Desktop\USC\c언어\waterFlow\Debug\waterFlow.lib" /MACHINE:X86 Debug\waterFlow.exe.embed.manifest.res
         Debug\waterFlow.obj
       Manifest:
         C:\Program Files (x86)\Microsoft SDKs\Windows\v7.0A\bin\mt.exe /nologo /verbose /out:"Debug\waterFlow.exe.embed.manifest" /manifest Debug\waterFlow.exe.intermediate.manifest
         모든 출력이 최신 상태입니다.
       LinkEmbedManifest:
         모든 출력이 최신 상태입니다.
         waterFlow.vcxproj -> C:\Users\Shin\Desktop\USC\c언어\waterFlow\Debug\waterFlow.exe
       FinalizeBuildStatus:
         "Debug\waterFlow.unsuccessfulbuild" 파일을 삭제하고 있습니다.
         "Debug\waterFlow.lastbuildstate"에 연결(touching)하고 있습니다.
     1>"C:\Users\Shin\Desktop\USC\c언어\waterFlow\waterFlow\waterFlow.vcxproj" 프로젝트를 빌드했습니다(build 대상).

빌드했습니다.

경과 시간: 00:00:02.50
